TN:
SF:/home/siwakorn/Desktop/VueJS/Tester/learn-vue-testing/src/components/Hello.vue
FNF:0
FNH:0
DA:20,3
DA:29,1
DA:30,1
LF:3
LH:3
BRF:0
BRH:0
end_of_record
TN:
SF:/home/siwakorn/Desktop/VueJS/Tester/learn-vue-testing/src/store/index.js
FN:12,(anonymous_0)
FN:31,(anonymous_1)
FNF:2
FNH:2
FNDA:3,(anonymous_0)
FNDA:1,(anonymous_1)
DA:4,1
DA:12,3
DA:16,1
DA:20,1
DA:23,1
DA:28,1
DA:31,1
DA:32,1
LF:8
LH:8
BRF:0
BRH:0
end_of_record
TN:
SF:/home/siwakorn/Desktop/VueJS/Tester/learn-vue-testing/src/App.vue
FNF:0
FNH:0
LF:0
LH:0
BRF:0
BRH:0
end_of_record
TN:
SF:/home/siwakorn/Desktop/VueJS/Tester/learn-vue-testing/src/router/index.js
FNF:0
FNH:0
DA:5,1
LF:1
LH:1
BRF:0
BRH:0
end_of_record
